<?xml version="1.0" encoding="UTF-8"?>
<!-- Generated by org.testng.reporters.JUnitXMLReporter -->
<testsuite ignored="0" hostname="Pardeeps-MacBook-Pro.local" failures="0" tests="3" name="Default test" time="26.546" errors="0" timestamp="2024-12-06T16:34:30 IST">
  <testcase classname="MavenDemo.LoginErrorValidation" name="loginWithIncorectEmail" time="3.673"/>
  <testcase classname="MavenDemo.LoginErrorValidation" name="loginWithIncorectEmailAndPassword" time="4.735"/>
  <testcase classname="MavenDemo.LoginErrorValidation" name="loginWithIncorectPassword" time="3.816"/>
</testsuite> <!-- Default test -->
