<?xml version="1.0" encoding="UTF-8"?>
<!-- Generated by org.testng.reporters.JUnitXMLReporter -->
<testsuite ignored="2" hostname="Pardeeps-MacBook-Air.local" failures="1" tests="4" name="Test" time="9.69" errors="0" timestamp="2025-07-01T12:16:48 IST">
  <testcase classname="MavenDemo.LoginErrorValidation" name="loginWithIncorectEmail" time="0.776"/>
  <testcase classname="MavenDemo.LoginErrorValidation" name="loginWithIncorectEmailAndPassword" time="0.988"/>
  <testcase classname="MavenDemo.LoginErrorValidation" name="loginWithIncorectPassword" time="0.787"/>
  <testcase classname="MavenDemo.endToEnd" name="entToEndTest" time="0.002">
    <failure type="java.lang.NullPointerException" message="Cannot invoke &amp;quot;MavenDemo.pageobjects.LandingPage.loginWebsite(String, String)&amp;quot; because &amp;quot;this.lpage&amp;quot; is null">
      <![CDATA[java.lang.NullPointerException: Cannot invoke "MavenDemo.pageobjects.LandingPage.loginWebsite(String, String)" because "this.lpage" is null
at MavenDemo.endToEnd.entToEndTest(endToEnd.java:25)
at java.base/java.util.ArrayList.forEach(ArrayList.java:1596)
... Removed 25 stack frames]]>
    </failure>
  </testcase> <!-- entToEndTest -->
  <testcase classname="MavenDemo.TestComponent.BaseTest" name="@BeforeTest launchApplication" time="0.0">
    <ignored/>
  </testcase> <!-- @BeforeTest launchApplication -->
  <testcase classname="MavenDemo.TestComponent.BaseTest" name="@AfterTest closeTab" time="0.0">
    <ignored/>
  </testcase> <!-- @AfterTest closeTab -->
</testsuite> <!-- Test -->
