<?xml version="1.0" encoding="UTF-8"?>
<!-- Generated by org.testng.reporters.JUnitXMLReporter -->
<testsuite ignored="2" hostname="Pardeeps-MacBook-Air.local" failures="0" tests="4" name="Test" time="20.606" errors="0" timestamp="2025-07-01T13:39:12 IST">
  <testcase classname="MavenDemo.LoginErrorValidation" name="loginWithIncorectEmail" time="0.827"/>
  <testcase classname="MavenDemo.LoginErrorValidation" name="loginWithIncorectEmailAndPassword" time="0.224"/>
  <testcase classname="MavenDemo.LoginErrorValidation" name="loginWithIncorectPassword" time="0.789"/>
  <testcase classname="MavenDemo.endToEnd" name="entToEndTest" time="15.471"/>
  <testcase classname="MavenDemo.TestComponent.BaseTest" name="@AfterTest closeTab" time="0.0">
    <ignored/>
  </testcase> <!-- @AfterTest closeTab -->
  <testcase classname="MavenDemo.TestComponent.BaseTest" name="@BeforeTest launchApplication" time="0.0">
    <ignored/>
  </testcase> <!-- @BeforeTest launchApplication -->
</testsuite> <!-- Test -->
