<?xml version="1.0" encoding="UTF-8"?>
<testng-results ignored="0" total="4" passed="4" failed="0" skipped="0">
  <reporter-output>
  </reporter-output>
  <suite started-at="2025-07-01T13:38:46 IST" name="Suite" finished-at="2025-07-01T13:39:07 IST" duration-ms="20606">
    <groups>
    </groups>
    <test started-at="2025-07-01T13:38:46 IST" name="Test" finished-at="2025-07-01T13:39:07 IST" duration-ms="20606">
      <class name="MavenDemo.endToEnd">
        <test-method signature="entToEndTest()[pri:0, instance:MavenDemo.endToEnd@39529185]" started-at="2025-07-01T13:38:51 IST" name="entToEndTest" finished-at="2025-07-01T13:39:07 IST" duration-ms="15471" status="PASS">
          <reporter-output>
          </reporter-output>
        </test-method> <!-- entToEndTest -->
      </class> <!-- MavenDemo.endToEnd -->
      <class name="MavenDemo.LoginErrorValidation">
        <test-method is-config="true" signature="launchApplication()[pri:0, instance:MavenDemo.LoginErrorValidation@41e36e46]" started-at="2025-07-01T13:38:46 IST" name="launchApplication" finished-at="2025-07-01T13:38:49 IST" duration-ms="3151" status="PASS">
          <reporter-output>
          </reporter-output>
        </test-method> <!-- launchApplication -->
        <test-method signature="loginWithIncorectEmail()[pri:0, instance:MavenDemo.LoginErrorValidation@41e36e46]" started-at="2025-07-01T13:38:49 IST" name="loginWithIncorectEmail" finished-at="2025-07-01T13:38:50 IST" duration-ms="827" status="PASS">
          <reporter-output>
          </reporter-output>
        </test-method> <!-- loginWithIncorectEmail -->
        <test-method signature="loginWithIncorectEmailAndPassword()[pri:0, instance:MavenDemo.LoginErrorValidation@41e36e46]" started-at="2025-07-01T13:38:50 IST" name="loginWithIncorectEmailAndPassword" finished-at="2025-07-01T13:38:50 IST" duration-ms="224" status="PASS">
          <reporter-output>
          </reporter-output>
        </test-method> <!-- loginWithIncorectEmailAndPassword -->
        <test-method signature="loginWithIncorectPassword()[pri:0, instance:MavenDemo.LoginErrorValidation@41e36e46]" started-at="2025-07-01T13:38:50 IST" name="loginWithIncorectPassword" finished-at="2025-07-01T13:38:51 IST" duration-ms="789" status="PASS">
          <reporter-output>
          </reporter-output>
        </test-method> <!-- loginWithIncorectPassword -->
        <test-method is-config="true" signature="closeTab()[pri:0, instance:MavenDemo.LoginErrorValidation@41e36e46]" started-at="2025-07-01T13:39:07 IST" name="closeTab" finished-at="2025-07-01T13:39:07 IST" duration-ms="124" status="PASS">
          <reporter-output>
          </reporter-output>
        </test-method> <!-- closeTab -->
      </class> <!-- MavenDemo.LoginErrorValidation -->
    </test> <!-- Test -->
  </suite> <!-- Suite -->
</testng-results>
