<?xml version="1.0" encoding="UTF-8"?>
<testng-results ignored="0" total="3" passed="3" failed="0" skipped="0">
  <reporter-output>
  </reporter-output>
  <suite started-at="2024-12-06T16:34:03 IST" name="Default suite" finished-at="2024-12-06T16:34:30 IST" duration-ms="26546">
    <groups>
    </groups>
    <test started-at="2024-12-06T16:34:03 IST" name="Default test" finished-at="2024-12-06T16:34:30 IST" duration-ms="26546">
      <class name="MavenDemo.LoginErrorValidation">
        <test-method is-config="true" signature="launchApplication()[pri:0, instance:MavenDemo.LoginErrorValidation@449a4f23]" started-at="2024-12-06T16:34:03 IST" name="launchApplication" finished-at="2024-12-06T16:34:17 IST" duration-ms="14047" status="PASS">
          <reporter-output>
          </reporter-output>
        </test-method> <!-- launchApplication -->
        <test-method signature="loginWithIncorectEmail()[pri:0, instance:MavenDemo.LoginErrorValidation@449a4f23]" started-at="2024-12-06T16:34:17 IST" name="loginWithIncorectEmail" finished-at="2024-12-06T16:34:21 IST" duration-ms="3673" status="PASS">
          <reporter-output>
          </reporter-output>
        </test-method> <!-- loginWithIncorectEmail -->
        <test-method signature="loginWithIncorectEmailAndPassword()[pri:0, instance:MavenDemo.LoginErrorValidation@449a4f23]" started-at="2024-12-06T16:34:21 IST" name="loginWithIncorectEmailAndPassword" finished-at="2024-12-06T16:34:26 IST" duration-ms="4735" status="PASS">
          <reporter-output>
          </reporter-output>
        </test-method> <!-- loginWithIncorectEmailAndPassword -->
        <test-method signature="loginWithIncorectPassword()[pri:0, instance:MavenDemo.LoginErrorValidation@449a4f23]" started-at="2024-12-06T16:34:26 IST" name="loginWithIncorectPassword" finished-at="2024-12-06T16:34:29 IST" duration-ms="3816" status="PASS">
          <reporter-output>
          </reporter-output>
        </test-method> <!-- loginWithIncorectPassword -->
        <test-method is-config="true" signature="closeTab()[pri:0, instance:MavenDemo.LoginErrorValidation@449a4f23]" started-at="2024-12-06T16:34:29 IST" name="closeTab" finished-at="2024-12-06T16:34:30 IST" duration-ms="188" status="PASS">
          <reporter-output>
          </reporter-output>
        </test-method> <!-- closeTab -->
      </class> <!-- MavenDemo.LoginErrorValidation -->
    </test> <!-- Default test -->
  </suite> <!-- Default suite -->
</testng-results>
